<?xml version="1.0" encoding="UTF-8"?>
<testsuite name="Testranner.Cucumberrunner$CucumberRunnerTests" tests="1" skipped="0" failures="1" errors="0" timestamp="2023-05-01T05:21:53" hostname="PRITOM" time="13.282">
  <properties/>
  <testcase name="runScenario[0](&quot;user can register from the valid data&quot;, &quot;Optional[Register]&quot;)" classname="Testranner.Cucumberrunner$CucumberRunnerTests" time="13.282">
    <failure message="java.lang.NullPointerException" type="java.lang.NullPointerException">java.lang.NullPointerException
	at Stepdefination.RegisterStepdefs.userEnterFristNameAndLastNameAndEmail(RegisterStepdefs.java:47)
	at ✽.user enter 'Pritom' and 'Cruze' and 'cruzepritom@gmail.com'(file:///D:/DataProvaiterr/src/test/resources/Feature/login/register.feature:6)
</failure>
  </testcase>
  <system-out><![CDATA[
@smoke
Scenario Outline: user can register from the valid data            # src/test/resources/Feature/login/register.feature:13
  Given user base url                                              # Stepdefination.RegisterStepdefs.userBaseUrl()
  When user enter 'Pritom' and 'Cruze' and 'cruzepritom@gmail.com' # Stepdefination.RegisterStepdefs.userEnterFristNameAndLastNameAndEmail(java.lang.String,java.lang.String,java.lang.String)
      java.lang.NullPointerException
	at Stepdefination.RegisterStepdefs.userEnterFristNameAndLastNameAndEmail(RegisterStepdefs.java:47)
	at âœ½.user enter 'Pritom' and 'Cruze' and 'cruzepritom@gmail.com'(file:///D:/DataProvaiterr/src/test/resources/Feature/login/register.feature:6)

  And also enter 'pritom' and 'pritom'                             # Stepdefination.RegisterStepdefs.alsoEnterPasswordAndRepeatPassword(java.lang.String,java.lang.String)
  And enter the register button                                    # Stepdefination.RegisterStepdefs.enterTheRegisterButton()
  Then user find the home page                                     # Stepdefination.RegisterStepdefs.userFindTheHomePage()
]]></system-out>
  <system-err><![CDATA[SLF4J: Failed to load class "org.slf4j.impl.StaticLoggerBinder".
SLF4J: Defaulting to no-operation (NOP) logger implementation
SLF4J: See http://www.slf4j.org/codes.html#StaticLoggerBinder for further details.
Starting ChromeDriver 112.0.5615.49 (bd2a7bcb881c11e8cfe3078709382934e3916914-refs/branch-heads/5615@{#936}) on port 63427
Only local connections are allowed.
Please see https://chromedriver.chromium.org/security-considerations for suggestions on keeping ChromeDriver safe.
ChromeDriver was started successfully.
May 01, 2023 11:21:58 AM org.openqa.selenium.remote.ProtocolHandshake createSession
INFO: Detected upstream dialect: W3C
May 01, 2023 11:21:58 AM org.openqa.selenium.devtools.CdpVersionFinder findNearestMatch
WARNING: Unable to find an exact match for CDP version 112, so returning the closest version found: a no-op implementation
May 01, 2023 11:21:58 AM org.openqa.selenium.devtools.CdpVersionFinder findNearestMatch
INFO: Unable to find CDP implementation matching 112.
May 01, 2023 11:21:58 AM org.openqa.selenium.chromium.ChromiumDriver lambda$new$3
WARNING: Unable to find version of CDP to use for . You may need to include a dependency on a specific version of the CDP using something similar to `org.seleniumhq.selenium:selenium-devtools-v86:4.4.0` where the version ("v86") matches the version of the chromium-based browser you're using and the version number of the artifact is the same as Selenium's.
]]></system-err>
</testsuite>
