<?xml version="1.0" encoding="UTF-8"?>
<!-- Generated by org.testng.reporters.JUnitReportReporter -->
<testsuite skipped="0" hostname="Pritom" name="Testranner.Cucumberrunner$CucumberRunnerTests" tests="1" failures="0" timestamp="2023-05-06T22:33:14 BDT" time="18.736" errors="0">
  <testcase name="runScenario" time="18.736" classname="Testranner.Cucumberrunner$CucumberRunnerTests"/>
  <system-out/>
</testsuite> <!-- Testranner.Cucumberrunner$CucumberRunnerTests -->
